<?xml version="1.0" encoding="UTF-8"?>
<coverage generated="1605357788992" clover="3.2.0">
  <project timestamp="1605357788992" name="All files">
    <metrics statements="18" coveredstatements="18" conditionals="2" coveredconditionals="2" methods="5" coveredmethods="5" elements="25" coveredelements="25" complexity="0" loc="18" ncloc="18" packages="1" files="3" classes="3"/>
    <file name="Itinerary.js" path="/Users/robinedwards/Desktop/cruise-ships/src/Itinerary.js">
      <metrics statements="2" coveredstatements="2" conditionals="0" coveredconditionals="0" methods="1" coveredmethods="1"/>
      <line num="2" count="7" type="stmt"/>
      <line num="8" count="3" type="stmt"/>
    </file>
    <file name="Port.js" path="/Users/robinedwards/Desktop/cruise-ships/src/Port.js">
      <metrics statements="2" coveredstatements="2" conditionals="0" coveredconditionals="0" methods="1" coveredmethods="1"/>
      <line num="4" count="12" type="stmt"/>
      <line num="8" count="3" type="stmt"/>
    </file>
    <file name="Ship.js" path="/Users/robinedwards/Desktop/cruise-ships/src/Ship.js">
      <metrics statements="14" coveredstatements="14" conditionals="2" coveredconditionals="2" methods="3" coveredmethods="3"/>
      <line num="3" count="5" type="stmt"/>
      <line num="4" count="5" type="stmt"/>
      <line num="5" count="5" type="stmt"/>
      <line num="8" count="3" type="stmt"/>
      <line num="10" count="4" type="stmt"/>
      <line num="11" count="4" type="stmt"/>
      <line num="13" count="4" type="cond" truecount="2" falsecount="0"/>
      <line num="14" count="1" type="stmt"/>
      <line num="16" count="3" type="stmt"/>
      <line num="17" count="3" type="stmt"/>
      <line num="21" count="2" type="stmt"/>
      <line num="22" count="2" type="stmt"/>
      <line num="24" count="2" type="stmt"/>
      <line num="29" count="3" type="stmt"/>
    </file>
  </project>
</coverage>
