{"/Users/robinedwards/Desktop/cruise-ships/src/Itinerary.js": {"path":"/Users/robinedwards/Desktop/cruise-ships/src/Itinerary.js","statementMap":{"0":{"start":{"line":2,"column":4},"end":{"line":2,"column":23}},"1":{"start":{"line":8,"column":0},"end":{"line":8,"column":27}}},"fnMap":{"0":{"name":"Itinerary","decl":{"start":{"line":1,"column":9},"end":{"line":1,"column":18}},"loc":{"start":{"line":1,"column":25},"end":{"line":3,"column":1}},"line":1}},"branchMap":{},"s":{"0":7,"1":3},"f":{"0":7},"b":{},"_coverageSchema":"1a1c01bbd47fc00a2c39e90264f33305004495a9","hash":"b279a0efcd97fef089f66f5ed2da23a03a568893"}
,"/Users/robinedwards/Desktop/cruise-ships/src/Port.js": {"path":"/Users/robinedwards/Desktop/cruise-ships/src/Port.js","statementMap":{"0":{"start":{"line":4,"column":5},"end":{"line":4,"column":22}},"1":{"start":{"line":8,"column":0},"end":{"line":8,"column":22}}},"fnMap":{"0":{"name":"Port","decl":{"start":{"line":3,"column":9},"end":{"line":3,"column":13}},"loc":{"start":{"line":3,"column":21},"end":{"line":5,"column":1}},"line":3}},"branchMap":{},"s":{"0":12,"1":3},"f":{"0":12},"b":{},"_coverageSchema":"1a1c01bbd47fc00a2c39e90264f33305004495a9","hash":"bb1bcacd70573b09a2297af710976dff5c4eb81e"}
,"/Users/robinedwards/Desktop/cruise-ships/src/Ship.js": {"path":"/Users/robinedwards/Desktop/cruise-ships/src/Ship.js","statementMap":{"0":{"start":{"line":3,"column":2},"end":{"line":3,"column":28}},"1":{"start":{"line":4,"column":2},"end":{"line":4,"column":40}},"2":{"start":{"line":5,"column":2},"end":{"line":5,"column":27}},"3":{"start":{"line":8,"column":0},"end":{"line":27,"column":4}},"4":{"start":{"line":10,"column":20},"end":{"line":10,"column":34}},"5":{"start":{"line":11,"column":27},"end":{"line":11,"column":68}},"6":{"start":{"line":13,"column":2},"end":{"line":15,"column":3}},"7":{"start":{"line":14,"column":4},"end":{"line":14,"column":48}},"8":{"start":{"line":16,"column":2},"end":{"line":16,"column":39}},"9":{"start":{"line":17,"column":2},"end":{"line":17,"column":26}},"10":{"start":{"line":21,"column":22},"end":{"line":21,"column":36}},"11":{"start":{"line":22,"column":30},"end":{"line":22,"column":72}},"12":{"start":{"line":24,"column":4},"end":{"line":24,"column":61}},"13":{"start":{"line":29,"column":2},"end":{"line":29,"column":24}}},"fnMap":{"0":{"name":"Ship","decl":{"start":{"line":2,"column":9},"end":{"line":2,"column":13}},"loc":{"start":{"line":2,"column":25},"end":{"line":6,"column":1}},"line":2},"1":{"name":"(anonymous_1)","decl":{"start":{"line":9,"column":2},"end":{"line":9,"column":3}},"loc":{"start":{"line":9,"column":12},"end":{"line":19,"column":3}},"line":9},"2":{"name":"(anonymous_2)","decl":{"start":{"line":20,"column":2},"end":{"line":20,"column":3}},"loc":{"start":{"line":20,"column":9},"end":{"line":25,"column":3}},"line":20}},"branchMap":{"0":{"loc":{"start":{"line":13,"column":2},"end":{"line":15,"column":3}},"type":"if","locations":[{"start":{"line":13,"column":2},"end":{"line":15,"column":3}},{"start":{"line":13,"column":2},"end":{"line":15,"column":3}}],"line":13}},"s":{"0":5,"1":5,"2":5,"3":3,"4":4,"5":4,"6":4,"7":1,"8":3,"9":3,"10":2,"11":2,"12":2,"13":3},"f":{"0":5,"1":4,"2":2},"b":{"0":[1,3]},"_coverageSchema":"1a1c01bbd47fc00a2c39e90264f33305004495a9","hash":"78185658581ad0c4feab05c532e4fee4a74e5df2"}
}
