TN:
SF:src/Itinerary.js
FN:1,Itinerary
FNF:1
FNH:1
FNDA:7,Itinerary
DA:2,7
DA:8,3
LF:2
LH:2
BRF:0
BRH:0
end_of_record
TN:
SF:src/Port.js
FN:3,Port
FNF:1
FNH:1
FNDA:12,Port
DA:4,12
DA:8,3
LF:2
LH:2
BRF:0
BRH:0
end_of_record
TN:
SF:src/Ship.js
FN:2,Ship
FN:9,(anonymous_1)
FN:20,(anonymous_2)
FNF:3
FNH:3
FNDA:5,Ship
FNDA:4,(anonymous_1)
FNDA:2,(anonymous_2)
DA:3,5
DA:4,5
DA:5,5
DA:8,3
DA:10,4
DA:11,4
DA:13,4
DA:14,1
DA:16,3
DA:17,3
DA:21,2
DA:22,2
DA:24,2
DA:29,3
LF:14
LH:14
BRDA:13,0,0,1
BRDA:13,0,1,3
BRF:2
BRH:2
end_of_record
